2025-10-30 10:43:50 INFO  org.reflections.Reflections:219 - Reflections took 50 ms to scan 1 urls, producing 17 keys and 408 values
2025-10-30 10:43:50 INFO  org.reflections.Reflections:219 - Reflections took 8 ms to scan 1 urls, producing 8 keys and 38 values
2025-10-30 10:43:50 INFO  org.reflections.Reflections:219 - Reflections took 6 ms to scan 1 urls, producing 7 keys and 37 values
2025-10-30 10:43:51 INFO  edu.pitt.dbmi.causal.cmd.data.DataValidations:166 - Start data validation on file tetrad_set_reduced.csv.
2025-10-30 10:43:51 INFO  edu.pitt.dbmi.causal.cmd.data.DataValidations:166 - End data validation on file tetrad_set_reduced.csv.
2025-10-30 10:43:51 INFO  edu.pitt.dbmi.causal.cmd.data.DataValidations:109 - There are 3534 cases and 53 variables.
2025-10-30 10:43:51 INFO  edu.pitt.dbmi.causal.cmd.data.DataFiles:166 - Start reading in file tetrad_set_reduced.csv.
2025-10-30 10:43:51 INFO  edu.pitt.dbmi.causal.cmd.data.DataFiles:166 - Finished reading in file tetrad_set_reduced.csv.
2025-10-30 10:43:51 INFO  edu.pitt.dbmi.causal.cmd.data.DataFiles:166 - File tetrad_set_reduced.csv contains 3534 cases, 53 variables.
2025-10-30 10:43:51 INFO  edu.pitt.dbmi.causal.cmd.data.DataFiles:166 - Start reading in file tetrad_bk_reduced.txt.
2025-10-30 10:43:51 INFO  edu.pitt.dbmi.causal.cmd.data.DataFiles:166 - Finished reading in file tetrad_bk_reduced.txt.
2025-10-31 10:08:50 INFO  org.reflections.Reflections:219 - Reflections took 49 ms to scan 1 urls, producing 17 keys and 408 values
2025-10-31 10:08:51 INFO  org.reflections.Reflections:219 - Reflections took 8 ms to scan 1 urls, producing 8 keys and 38 values
2025-10-31 10:08:51 INFO  org.reflections.Reflections:219 - Reflections took 6 ms to scan 1 urls, producing 7 keys and 37 values
2025-10-31 10:08:51 INFO  edu.pitt.dbmi.causal.cmd.data.DataValidations:166 - Start data validation on file tetrad_set_reduced_n2000.csv.
2025-10-31 10:08:51 INFO  edu.pitt.dbmi.causal.cmd.data.DataValidations:166 - End data validation on file tetrad_set_reduced_n2000.csv.
2025-10-31 10:08:51 INFO  edu.pitt.dbmi.causal.cmd.data.DataValidations:109 - There are 2000 cases and 53 variables.
2025-10-31 10:08:51 INFO  edu.pitt.dbmi.causal.cmd.data.DataFiles:166 - Start reading in file tetrad_set_reduced_n2000.csv.
2025-10-31 10:08:52 INFO  edu.pitt.dbmi.causal.cmd.data.DataFiles:166 - Finished reading in file tetrad_set_reduced_n2000.csv.
2025-10-31 10:08:52 INFO  edu.pitt.dbmi.causal.cmd.data.DataFiles:166 - File tetrad_set_reduced_n2000.csv contains 2000 cases, 53 variables.
2025-10-31 10:08:52 INFO  edu.pitt.dbmi.causal.cmd.data.DataFiles:166 - Start reading in file tetrad_bk_reduced.txt.
2025-10-31 10:08:52 INFO  edu.pitt.dbmi.causal.cmd.data.DataFiles:166 - Finished reading in file tetrad_bk_reduced.txt.
2025-11-04 12:37:21 INFO  org.reflections.Reflections:219 - Reflections took 50 ms to scan 1 urls, producing 17 keys and 408 values
2025-11-04 12:37:21 INFO  org.reflections.Reflections:219 - Reflections took 6 ms to scan 1 urls, producing 8 keys and 38 values
2025-11-04 12:37:21 INFO  org.reflections.Reflections:219 - Reflections took 5 ms to scan 1 urls, producing 7 keys and 37 values
2025-11-04 12:37:22 INFO  edu.pitt.dbmi.causal.cmd.data.DataValidations:166 - Start data validation on file tetrad_set_reduced_n2000.csv.
2025-11-04 12:37:22 INFO  edu.pitt.dbmi.causal.cmd.data.DataValidations:166 - End data validation on file tetrad_set_reduced_n2000.csv.
2025-11-04 12:37:22 INFO  edu.pitt.dbmi.causal.cmd.data.DataValidations:109 - There are 2000 cases and 53 variables.
2025-11-04 12:37:22 INFO  edu.pitt.dbmi.causal.cmd.data.DataFiles:166 - Start reading in file tetrad_set_reduced_n2000.csv.
2025-11-04 12:37:22 INFO  edu.pitt.dbmi.causal.cmd.data.DataFiles:166 - Finished reading in file tetrad_set_reduced_n2000.csv.
2025-11-04 12:37:22 INFO  edu.pitt.dbmi.causal.cmd.data.DataFiles:166 - File tetrad_set_reduced_n2000.csv contains 2000 cases, 53 variables.
2025-11-04 12:37:22 INFO  edu.pitt.dbmi.causal.cmd.data.DataFiles:166 - Start reading in file tetrad_bk_reduced.txt.
2025-11-04 12:37:22 INFO  edu.pitt.dbmi.causal.cmd.data.DataFiles:166 - Finished reading in file tetrad_bk_reduced.txt.
2025-11-04 12:39:05 INFO  org.reflections.Reflections:219 - Reflections took 47 ms to scan 1 urls, producing 17 keys and 408 values
2025-11-04 12:39:06 INFO  org.reflections.Reflections:219 - Reflections took 6 ms to scan 1 urls, producing 8 keys and 38 values
2025-11-04 12:39:06 INFO  org.reflections.Reflections:219 - Reflections took 5 ms to scan 1 urls, producing 7 keys and 37 values
2025-11-04 12:39:06 INFO  edu.pitt.dbmi.causal.cmd.data.DataValidations:166 - Start data validation on file tetrad_set_reduced_n2000.csv.
2025-11-04 12:39:06 INFO  edu.pitt.dbmi.causal.cmd.data.DataValidations:166 - End data validation on file tetrad_set_reduced_n2000.csv.
2025-11-04 12:39:06 INFO  edu.pitt.dbmi.causal.cmd.data.DataValidations:109 - There are 2000 cases and 53 variables.
2025-11-04 12:39:06 INFO  edu.pitt.dbmi.causal.cmd.data.DataFiles:166 - Start reading in file tetrad_set_reduced_n2000.csv.
2025-11-04 12:39:06 INFO  edu.pitt.dbmi.causal.cmd.data.DataFiles:166 - Finished reading in file tetrad_set_reduced_n2000.csv.
2025-11-04 12:39:06 INFO  edu.pitt.dbmi.causal.cmd.data.DataFiles:166 - File tetrad_set_reduced_n2000.csv contains 2000 cases, 53 variables.
2025-11-04 12:39:06 INFO  edu.pitt.dbmi.causal.cmd.data.DataFiles:166 - Start reading in file tetrad_bk_reduced.txt.
2025-11-04 12:39:06 INFO  edu.pitt.dbmi.causal.cmd.data.DataFiles:166 - Finished reading in file tetrad_bk_reduced.txt.
2025-11-04 12:40:59 INFO  org.reflections.Reflections:219 - Reflections took 47 ms to scan 1 urls, producing 17 keys and 408 values
2025-11-04 12:40:59 INFO  org.reflections.Reflections:219 - Reflections took 7 ms to scan 1 urls, producing 8 keys and 38 values
2025-11-04 12:40:59 INFO  org.reflections.Reflections:219 - Reflections took 6 ms to scan 1 urls, producing 7 keys and 37 values
2025-11-04 12:41:00 INFO  edu.pitt.dbmi.causal.cmd.data.DataValidations:166 - Start data validation on file tetrad_set_reduced_n2000.csv.
2025-11-04 12:41:00 INFO  edu.pitt.dbmi.causal.cmd.data.DataValidations:166 - End data validation on file tetrad_set_reduced_n2000.csv.
2025-11-04 12:41:00 INFO  edu.pitt.dbmi.causal.cmd.data.DataValidations:109 - There are 2000 cases and 53 variables.
2025-11-04 12:41:00 INFO  edu.pitt.dbmi.causal.cmd.data.DataFiles:166 - Start reading in file tetrad_set_reduced_n2000.csv.
2025-11-04 12:41:00 INFO  edu.pitt.dbmi.causal.cmd.data.DataFiles:166 - Finished reading in file tetrad_set_reduced_n2000.csv.
2025-11-04 12:41:00 INFO  edu.pitt.dbmi.causal.cmd.data.DataFiles:166 - File tetrad_set_reduced_n2000.csv contains 2000 cases, 53 variables.
2025-11-04 12:41:00 INFO  edu.pitt.dbmi.causal.cmd.data.DataFiles:166 - Start reading in file tetrad_bk_reduced.txt.
2025-11-04 12:41:00 INFO  edu.pitt.dbmi.causal.cmd.data.DataFiles:166 - Finished reading in file tetrad_bk_reduced.txt.
2025-11-04 12:43:41 INFO  org.reflections.Reflections:219 - Reflections took 49 ms to scan 1 urls, producing 17 keys and 408 values
2025-11-04 12:43:41 INFO  org.reflections.Reflections:219 - Reflections took 6 ms to scan 1 urls, producing 8 keys and 38 values
2025-11-04 12:43:41 INFO  org.reflections.Reflections:219 - Reflections took 5 ms to scan 1 urls, producing 7 keys and 37 values
2025-11-04 12:43:42 INFO  edu.pitt.dbmi.causal.cmd.data.DataValidations:166 - Start data validation on file tetrad_set_reduced_n2000.csv.
2025-11-04 12:43:42 INFO  edu.pitt.dbmi.causal.cmd.data.DataValidations:166 - End data validation on file tetrad_set_reduced_n2000.csv.
2025-11-04 12:43:42 INFO  edu.pitt.dbmi.causal.cmd.data.DataValidations:109 - There are 2000 cases and 53 variables.
2025-11-04 12:43:42 INFO  edu.pitt.dbmi.causal.cmd.data.DataFiles:166 - Start reading in file tetrad_set_reduced_n2000.csv.
2025-11-04 12:43:42 INFO  edu.pitt.dbmi.causal.cmd.data.DataFiles:166 - Finished reading in file tetrad_set_reduced_n2000.csv.
2025-11-04 12:43:42 INFO  edu.pitt.dbmi.causal.cmd.data.DataFiles:166 - File tetrad_set_reduced_n2000.csv contains 2000 cases, 53 variables.
2025-11-04 12:43:42 INFO  edu.pitt.dbmi.causal.cmd.data.DataFiles:166 - Start reading in file tetrad_bk_reduced.txt.
2025-11-04 12:43:42 INFO  edu.pitt.dbmi.causal.cmd.data.DataFiles:166 - Finished reading in file tetrad_bk_reduced.txt.
2025-11-04 12:48:11 INFO  org.reflections.Reflections:219 - Reflections took 48 ms to scan 1 urls, producing 17 keys and 408 values
2025-11-04 12:48:11 INFO  org.reflections.Reflections:219 - Reflections took 6 ms to scan 1 urls, producing 8 keys and 38 values
2025-11-04 12:48:12 INFO  org.reflections.Reflections:219 - Reflections took 4 ms to scan 1 urls, producing 7 keys and 37 values
2025-11-04 12:48:12 INFO  edu.pitt.dbmi.causal.cmd.data.DataValidations:166 - Start data validation on file tetrad_set_reduced_n2000.csv.
2025-11-04 12:48:12 INFO  edu.pitt.dbmi.causal.cmd.data.DataValidations:166 - End data validation on file tetrad_set_reduced_n2000.csv.
2025-11-04 12:48:12 INFO  edu.pitt.dbmi.causal.cmd.data.DataValidations:109 - There are 2000 cases and 53 variables.
2025-11-04 12:48:12 INFO  edu.pitt.dbmi.causal.cmd.data.DataFiles:166 - Start reading in file tetrad_set_reduced_n2000.csv.
2025-11-04 12:48:12 INFO  edu.pitt.dbmi.causal.cmd.data.DataFiles:166 - Finished reading in file tetrad_set_reduced_n2000.csv.
2025-11-04 12:48:12 INFO  edu.pitt.dbmi.causal.cmd.data.DataFiles:166 - File tetrad_set_reduced_n2000.csv contains 2000 cases, 53 variables.
2025-11-04 12:48:12 INFO  edu.pitt.dbmi.causal.cmd.data.DataFiles:166 - Start reading in file tetrad_bk_reduced.txt.
2025-11-04 12:48:12 INFO  edu.pitt.dbmi.causal.cmd.data.DataFiles:166 - Finished reading in file tetrad_bk_reduced.txt.
2025-11-05 10:40:37 INFO  org.reflections.Reflections:219 - Reflections took 50 ms to scan 1 urls, producing 17 keys and 408 values
2025-11-05 10:40:37 INFO  org.reflections.Reflections:219 - Reflections took 7 ms to scan 1 urls, producing 8 keys and 38 values
2025-11-05 10:40:37 INFO  org.reflections.Reflections:219 - Reflections took 6 ms to scan 1 urls, producing 7 keys and 37 values
2025-11-05 10:40:38 INFO  edu.pitt.dbmi.causal.cmd.data.DataValidations:166 - Start data validation on file tetrad_set_reduced_n2000.csv.
2025-11-05 10:40:38 INFO  edu.pitt.dbmi.causal.cmd.data.DataValidations:166 - End data validation on file tetrad_set_reduced_n2000.csv.
2025-11-05 10:40:38 INFO  edu.pitt.dbmi.causal.cmd.data.DataValidations:109 - There are 2000 cases and 53 variables.
2025-11-05 10:40:38 INFO  edu.pitt.dbmi.causal.cmd.data.DataFiles:166 - Start reading in file tetrad_set_reduced_n2000.csv.
2025-11-05 10:40:38 INFO  edu.pitt.dbmi.causal.cmd.data.DataFiles:166 - Finished reading in file tetrad_set_reduced_n2000.csv.
2025-11-05 10:40:38 INFO  edu.pitt.dbmi.causal.cmd.data.DataFiles:166 - File tetrad_set_reduced_n2000.csv contains 2000 cases, 53 variables.
2025-11-05 10:40:38 INFO  edu.pitt.dbmi.causal.cmd.data.DataFiles:166 - Start reading in file tetrad_bk_reduced.txt.
2025-11-05 10:40:38 INFO  edu.pitt.dbmi.causal.cmd.data.DataFiles:166 - Finished reading in file tetrad_bk_reduced.txt.
2025-11-05 13:21:12 INFO  org.reflections.Reflections:219 - Reflections took 48 ms to scan 1 urls, producing 17 keys and 408 values
2025-11-05 13:21:12 INFO  org.reflections.Reflections:219 - Reflections took 5 ms to scan 1 urls, producing 8 keys and 38 values
2025-11-05 13:21:12 INFO  org.reflections.Reflections:219 - Reflections took 5 ms to scan 1 urls, producing 7 keys and 37 values
2025-11-05 13:21:13 INFO  edu.pitt.dbmi.causal.cmd.data.DataValidations:166 - Start data validation on file tetrad_set_reduced_n2000.csv.
2025-11-05 13:21:13 INFO  edu.pitt.dbmi.causal.cmd.data.DataValidations:166 - End data validation on file tetrad_set_reduced_n2000.csv.
2025-11-05 13:21:13 INFO  edu.pitt.dbmi.causal.cmd.data.DataValidations:109 - There are 2000 cases and 53 variables.
2025-11-05 13:21:13 INFO  edu.pitt.dbmi.causal.cmd.data.DataFiles:166 - Start reading in file tetrad_set_reduced_n2000.csv.
2025-11-05 13:21:13 INFO  edu.pitt.dbmi.causal.cmd.data.DataFiles:166 - Finished reading in file tetrad_set_reduced_n2000.csv.
2025-11-05 13:21:13 INFO  edu.pitt.dbmi.causal.cmd.data.DataFiles:166 - File tetrad_set_reduced_n2000.csv contains 2000 cases, 53 variables.
2025-11-05 13:21:13 INFO  edu.pitt.dbmi.causal.cmd.data.DataFiles:166 - Start reading in file tetrad_bk_reduced.txt.
2025-11-05 13:21:13 INFO  edu.pitt.dbmi.causal.cmd.data.DataFiles:166 - Finished reading in file tetrad_bk_reduced.txt.
2025-11-05 13:23:01 INFO  org.reflections.Reflections:219 - Reflections took 48 ms to scan 1 urls, producing 17 keys and 408 values
2025-11-05 13:23:01 INFO  org.reflections.Reflections:219 - Reflections took 6 ms to scan 1 urls, producing 8 keys and 38 values
2025-11-05 13:23:01 INFO  org.reflections.Reflections:219 - Reflections took 4 ms to scan 1 urls, producing 7 keys and 37 values
2025-11-05 13:23:02 INFO  edu.pitt.dbmi.causal.cmd.data.DataValidations:166 - Start data validation on file tetrad_set_reduced_n2000.csv.
2025-11-05 13:23:02 INFO  edu.pitt.dbmi.causal.cmd.data.DataValidations:166 - End data validation on file tetrad_set_reduced_n2000.csv.
2025-11-05 13:23:02 INFO  edu.pitt.dbmi.causal.cmd.data.DataValidations:109 - There are 2000 cases and 53 variables.
2025-11-05 13:23:02 INFO  edu.pitt.dbmi.causal.cmd.data.DataFiles:166 - Start reading in file tetrad_set_reduced_n2000.csv.
2025-11-05 13:23:02 INFO  edu.pitt.dbmi.causal.cmd.data.DataFiles:166 - Finished reading in file tetrad_set_reduced_n2000.csv.
2025-11-05 13:23:02 INFO  edu.pitt.dbmi.causal.cmd.data.DataFiles:166 - File tetrad_set_reduced_n2000.csv contains 2000 cases, 53 variables.
2025-11-05 13:23:02 INFO  edu.pitt.dbmi.causal.cmd.data.DataFiles:166 - Start reading in file tetrad_bk_reduced.txt.
2025-11-05 13:23:02 INFO  edu.pitt.dbmi.causal.cmd.data.DataFiles:166 - Finished reading in file tetrad_bk_reduced.txt.
2025-11-05 13:25:22 INFO  org.reflections.Reflections:219 - Reflections took 47 ms to scan 1 urls, producing 17 keys and 408 values
2025-11-05 13:25:22 INFO  org.reflections.Reflections:219 - Reflections took 7 ms to scan 1 urls, producing 8 keys and 38 values
2025-11-05 13:25:22 INFO  org.reflections.Reflections:219 - Reflections took 7 ms to scan 1 urls, producing 7 keys and 37 values
2025-11-05 13:25:23 INFO  edu.pitt.dbmi.causal.cmd.data.DataValidations:166 - Start data validation on file tetrad_set_reduced_n2000.csv.
2025-11-05 13:25:23 INFO  edu.pitt.dbmi.causal.cmd.data.DataValidations:166 - End data validation on file tetrad_set_reduced_n2000.csv.
2025-11-05 13:25:23 INFO  edu.pitt.dbmi.causal.cmd.data.DataValidations:109 - There are 2000 cases and 53 variables.
2025-11-05 13:25:23 INFO  edu.pitt.dbmi.causal.cmd.data.DataFiles:166 - Start reading in file tetrad_set_reduced_n2000.csv.
2025-11-05 13:25:23 INFO  edu.pitt.dbmi.causal.cmd.data.DataFiles:166 - Finished reading in file tetrad_set_reduced_n2000.csv.
2025-11-05 13:25:23 INFO  edu.pitt.dbmi.causal.cmd.data.DataFiles:166 - File tetrad_set_reduced_n2000.csv contains 2000 cases, 53 variables.
2025-11-05 13:25:23 INFO  edu.pitt.dbmi.causal.cmd.data.DataFiles:166 - Start reading in file tetrad_bk_reduced.txt.
2025-11-05 13:25:23 INFO  edu.pitt.dbmi.causal.cmd.data.DataFiles:166 - Finished reading in file tetrad_bk_reduced.txt.
2025-11-05 13:26:26 INFO  org.reflections.Reflections:219 - Reflections took 47 ms to scan 1 urls, producing 17 keys and 408 values
2025-11-05 13:26:26 INFO  org.reflections.Reflections:219 - Reflections took 6 ms to scan 1 urls, producing 8 keys and 38 values
2025-11-05 13:26:26 INFO  org.reflections.Reflections:219 - Reflections took 4 ms to scan 1 urls, producing 7 keys and 37 values
2025-11-05 13:26:27 INFO  edu.pitt.dbmi.causal.cmd.data.DataValidations:166 - Start data validation on file tetrad_set_reduced_n2000.csv.
2025-11-05 13:26:27 INFO  edu.pitt.dbmi.causal.cmd.data.DataValidations:166 - End data validation on file tetrad_set_reduced_n2000.csv.
2025-11-05 13:26:27 INFO  edu.pitt.dbmi.causal.cmd.data.DataValidations:109 - There are 2000 cases and 53 variables.
2025-11-05 13:26:27 INFO  edu.pitt.dbmi.causal.cmd.data.DataFiles:166 - Start reading in file tetrad_set_reduced_n2000.csv.
2025-11-05 13:26:27 INFO  edu.pitt.dbmi.causal.cmd.data.DataFiles:166 - Finished reading in file tetrad_set_reduced_n2000.csv.
2025-11-05 13:26:27 INFO  edu.pitt.dbmi.causal.cmd.data.DataFiles:166 - File tetrad_set_reduced_n2000.csv contains 2000 cases, 53 variables.
2025-11-05 13:26:27 INFO  edu.pitt.dbmi.causal.cmd.data.DataFiles:166 - Start reading in file tetrad_bk_reduced.txt.
2025-11-05 13:26:27 INFO  edu.pitt.dbmi.causal.cmd.data.DataFiles:166 - Finished reading in file tetrad_bk_reduced.txt.
2025-11-05 13:42:29 INFO  org.reflections.Reflections:219 - Reflections took 49 ms to scan 1 urls, producing 17 keys and 408 values
2025-11-05 13:42:29 INFO  org.reflections.Reflections:219 - Reflections took 6 ms to scan 1 urls, producing 8 keys and 38 values
2025-11-05 13:42:29 INFO  org.reflections.Reflections:219 - Reflections took 4 ms to scan 1 urls, producing 7 keys and 37 values
2025-11-05 13:42:30 INFO  edu.pitt.dbmi.causal.cmd.data.DataValidations:166 - Start data validation on file tetrad_set_reduced_n2000.csv.
2025-11-05 13:42:30 INFO  edu.pitt.dbmi.causal.cmd.data.DataValidations:166 - End data validation on file tetrad_set_reduced_n2000.csv.
2025-11-05 13:42:30 INFO  edu.pitt.dbmi.causal.cmd.data.DataValidations:109 - There are 2000 cases and 53 variables.
2025-11-05 13:42:30 INFO  edu.pitt.dbmi.causal.cmd.data.DataFiles:166 - Start reading in file tetrad_set_reduced_n2000.csv.
2025-11-05 13:42:30 INFO  edu.pitt.dbmi.causal.cmd.data.DataFiles:166 - Finished reading in file tetrad_set_reduced_n2000.csv.
2025-11-05 13:42:30 INFO  edu.pitt.dbmi.causal.cmd.data.DataFiles:166 - File tetrad_set_reduced_n2000.csv contains 2000 cases, 53 variables.
2025-11-05 13:42:30 INFO  edu.pitt.dbmi.causal.cmd.data.DataFiles:166 - Start reading in file tetrad_bk_reduced.txt.
2025-11-05 13:42:30 INFO  edu.pitt.dbmi.causal.cmd.data.DataFiles:166 - Finished reading in file tetrad_bk_reduced.txt.
2025-11-05 13:42:42 INFO  org.reflections.Reflections:219 - Reflections took 49 ms to scan 1 urls, producing 17 keys and 408 values
2025-11-05 13:42:42 INFO  org.reflections.Reflections:219 - Reflections took 6 ms to scan 1 urls, producing 8 keys and 38 values
2025-11-05 13:42:42 INFO  org.reflections.Reflections:219 - Reflections took 5 ms to scan 1 urls, producing 7 keys and 37 values
2025-11-05 13:42:43 INFO  edu.pitt.dbmi.causal.cmd.data.DataValidations:166 - Start data validation on file tetrad_set_reduced_n2000.csv.
2025-11-05 13:42:43 INFO  edu.pitt.dbmi.causal.cmd.data.DataValidations:166 - End data validation on file tetrad_set_reduced_n2000.csv.
2025-11-05 13:42:43 INFO  edu.pitt.dbmi.causal.cmd.data.DataValidations:109 - There are 2000 cases and 53 variables.
2025-11-05 13:42:43 INFO  edu.pitt.dbmi.causal.cmd.data.DataFiles:166 - Start reading in file tetrad_set_reduced_n2000.csv.
2025-11-05 13:42:43 INFO  edu.pitt.dbmi.causal.cmd.data.DataFiles:166 - Finished reading in file tetrad_set_reduced_n2000.csv.
2025-11-05 13:42:43 INFO  edu.pitt.dbmi.causal.cmd.data.DataFiles:166 - File tetrad_set_reduced_n2000.csv contains 2000 cases, 53 variables.
2025-11-05 13:42:43 INFO  edu.pitt.dbmi.causal.cmd.data.DataFiles:166 - Start reading in file tetrad_bk_reduced.txt.
2025-11-05 13:42:43 INFO  edu.pitt.dbmi.causal.cmd.data.DataFiles:166 - Finished reading in file tetrad_bk_reduced.txt.
2025-11-05 13:49:50 INFO  org.reflections.Reflections:219 - Reflections took 49 ms to scan 1 urls, producing 17 keys and 408 values
2025-11-05 13:49:50 INFO  org.reflections.Reflections:219 - Reflections took 5 ms to scan 1 urls, producing 8 keys and 38 values
2025-11-05 13:49:50 INFO  org.reflections.Reflections:219 - Reflections took 5 ms to scan 1 urls, producing 7 keys and 37 values
2025-11-05 13:49:51 INFO  edu.pitt.dbmi.causal.cmd.data.DataValidations:166 - Start data validation on file tetrad_set_reduced_n2000.csv.
2025-11-05 13:49:51 INFO  edu.pitt.dbmi.causal.cmd.data.DataValidations:166 - End data validation on file tetrad_set_reduced_n2000.csv.
2025-11-05 13:49:51 INFO  edu.pitt.dbmi.causal.cmd.data.DataValidations:109 - There are 2000 cases and 53 variables.
2025-11-05 13:49:51 INFO  edu.pitt.dbmi.causal.cmd.data.DataFiles:166 - Start reading in file tetrad_set_reduced_n2000.csv.
2025-11-05 13:49:51 INFO  edu.pitt.dbmi.causal.cmd.data.DataFiles:166 - Finished reading in file tetrad_set_reduced_n2000.csv.
2025-11-05 13:49:51 INFO  edu.pitt.dbmi.causal.cmd.data.DataFiles:166 - File tetrad_set_reduced_n2000.csv contains 2000 cases, 53 variables.
2025-11-05 13:49:51 INFO  edu.pitt.dbmi.causal.cmd.data.DataFiles:166 - Start reading in file tetrad_bk_reduced.txt.
2025-11-05 13:49:51 INFO  edu.pitt.dbmi.causal.cmd.data.DataFiles:166 - Finished reading in file tetrad_bk_reduced.txt.
2025-11-05 13:50:14 INFO  org.reflections.Reflections:219 - Reflections took 48 ms to scan 1 urls, producing 17 keys and 408 values
2025-11-05 13:50:14 INFO  org.reflections.Reflections:219 - Reflections took 7 ms to scan 1 urls, producing 8 keys and 38 values
2025-11-05 13:50:14 INFO  org.reflections.Reflections:219 - Reflections took 7 ms to scan 1 urls, producing 7 keys and 37 values
2025-11-05 13:50:15 INFO  edu.pitt.dbmi.causal.cmd.data.DataValidations:166 - Start data validation on file tetrad_set_reduced_n2000.csv.
2025-11-05 13:50:15 INFO  edu.pitt.dbmi.causal.cmd.data.DataValidations:166 - End data validation on file tetrad_set_reduced_n2000.csv.
2025-11-05 13:50:15 INFO  edu.pitt.dbmi.causal.cmd.data.DataValidations:109 - There are 2000 cases and 53 variables.
2025-11-05 13:50:15 INFO  edu.pitt.dbmi.causal.cmd.data.DataFiles:166 - Start reading in file tetrad_set_reduced_n2000.csv.
2025-11-05 13:50:15 INFO  edu.pitt.dbmi.causal.cmd.data.DataFiles:166 - Finished reading in file tetrad_set_reduced_n2000.csv.
2025-11-05 13:50:15 INFO  edu.pitt.dbmi.causal.cmd.data.DataFiles:166 - File tetrad_set_reduced_n2000.csv contains 2000 cases, 53 variables.
2025-11-05 13:50:15 INFO  edu.pitt.dbmi.causal.cmd.data.DataFiles:166 - Start reading in file tetrad_bk_reduced.txt.
2025-11-05 13:50:15 INFO  edu.pitt.dbmi.causal.cmd.data.DataFiles:166 - Finished reading in file tetrad_bk_reduced.txt.
2025-11-05 13:50:26 INFO  org.reflections.Reflections:219 - Reflections took 48 ms to scan 1 urls, producing 17 keys and 408 values
2025-11-05 13:50:26 INFO  org.reflections.Reflections:219 - Reflections took 7 ms to scan 1 urls, producing 8 keys and 38 values
2025-11-05 13:50:26 INFO  org.reflections.Reflections:219 - Reflections took 7 ms to scan 1 urls, producing 7 keys and 37 values
2025-11-05 13:50:27 INFO  edu.pitt.dbmi.causal.cmd.data.DataValidations:166 - Start data validation on file tetrad_set_reduced_n2000.csv.
2025-11-05 13:50:27 INFO  edu.pitt.dbmi.causal.cmd.data.DataValidations:166 - End data validation on file tetrad_set_reduced_n2000.csv.
2025-11-05 13:50:27 INFO  edu.pitt.dbmi.causal.cmd.data.DataValidations:109 - There are 2000 cases and 53 variables.
2025-11-05 13:50:27 INFO  edu.pitt.dbmi.causal.cmd.data.DataFiles:166 - Start reading in file tetrad_set_reduced_n2000.csv.
2025-11-05 13:50:27 INFO  edu.pitt.dbmi.causal.cmd.data.DataFiles:166 - Finished reading in file tetrad_set_reduced_n2000.csv.
2025-11-05 13:50:27 INFO  edu.pitt.dbmi.causal.cmd.data.DataFiles:166 - File tetrad_set_reduced_n2000.csv contains 2000 cases, 53 variables.
2025-11-05 13:50:27 INFO  edu.pitt.dbmi.causal.cmd.data.DataFiles:166 - Start reading in file tetrad_bk_reduced.txt.
2025-11-05 13:50:27 INFO  edu.pitt.dbmi.causal.cmd.data.DataFiles:166 - Finished reading in file tetrad_bk_reduced.txt.
2025-11-05 13:50:45 INFO  org.reflections.Reflections:219 - Reflections took 47 ms to scan 1 urls, producing 17 keys and 408 values
2025-11-05 13:50:45 INFO  org.reflections.Reflections:219 - Reflections took 7 ms to scan 1 urls, producing 8 keys and 38 values
2025-11-05 13:50:45 INFO  org.reflections.Reflections:219 - Reflections took 6 ms to scan 1 urls, producing 7 keys and 37 values
2025-11-05 13:50:46 INFO  edu.pitt.dbmi.causal.cmd.data.DataValidations:166 - Start data validation on file tetrad_set_reduced_n2000.csv.
2025-11-05 13:50:46 INFO  edu.pitt.dbmi.causal.cmd.data.DataValidations:166 - End data validation on file tetrad_set_reduced_n2000.csv.
2025-11-05 13:50:46 INFO  edu.pitt.dbmi.causal.cmd.data.DataValidations:109 - There are 2000 cases and 53 variables.
2025-11-05 13:50:46 INFO  edu.pitt.dbmi.causal.cmd.data.DataFiles:166 - Start reading in file tetrad_set_reduced_n2000.csv.
2025-11-05 13:50:46 INFO  edu.pitt.dbmi.causal.cmd.data.DataFiles:166 - Finished reading in file tetrad_set_reduced_n2000.csv.
2025-11-05 13:50:46 INFO  edu.pitt.dbmi.causal.cmd.data.DataFiles:166 - File tetrad_set_reduced_n2000.csv contains 2000 cases, 53 variables.
2025-11-05 13:50:46 INFO  edu.pitt.dbmi.causal.cmd.data.DataFiles:166 - Start reading in file tetrad_bk_reduced.txt.
2025-11-05 13:50:46 INFO  edu.pitt.dbmi.causal.cmd.data.DataFiles:166 - Finished reading in file tetrad_bk_reduced.txt.
2025-11-05 13:51:10 INFO  org.reflections.Reflections:219 - Reflections took 48 ms to scan 1 urls, producing 17 keys and 408 values
2025-11-05 13:51:10 INFO  org.reflections.Reflections:219 - Reflections took 6 ms to scan 1 urls, producing 8 keys and 38 values
2025-11-05 13:51:10 INFO  org.reflections.Reflections:219 - Reflections took 5 ms to scan 1 urls, producing 7 keys and 37 values
2025-11-05 13:51:11 INFO  edu.pitt.dbmi.causal.cmd.data.DataValidations:166 - Start data validation on file tetrad_set_reduced_n2000.csv.
2025-11-05 13:51:11 INFO  edu.pitt.dbmi.causal.cmd.data.DataValidations:166 - End data validation on file tetrad_set_reduced_n2000.csv.
2025-11-05 13:51:11 INFO  edu.pitt.dbmi.causal.cmd.data.DataValidations:109 - There are 2000 cases and 53 variables.
2025-11-05 13:51:11 INFO  edu.pitt.dbmi.causal.cmd.data.DataFiles:166 - Start reading in file tetrad_set_reduced_n2000.csv.
2025-11-05 13:51:11 INFO  edu.pitt.dbmi.causal.cmd.data.DataFiles:166 - Finished reading in file tetrad_set_reduced_n2000.csv.
2025-11-05 13:51:11 INFO  edu.pitt.dbmi.causal.cmd.data.DataFiles:166 - File tetrad_set_reduced_n2000.csv contains 2000 cases, 53 variables.
2025-11-05 13:51:11 INFO  edu.pitt.dbmi.causal.cmd.data.DataFiles:166 - Start reading in file tetrad_bk_reduced.txt.
2025-11-05 13:51:11 INFO  edu.pitt.dbmi.causal.cmd.data.DataFiles:166 - Finished reading in file tetrad_bk_reduced.txt.
2025-11-05 13:51:27 INFO  org.reflections.Reflections:219 - Reflections took 47 ms to scan 1 urls, producing 17 keys and 408 values
2025-11-05 13:51:27 INFO  org.reflections.Reflections:219 - Reflections took 7 ms to scan 1 urls, producing 8 keys and 38 values
2025-11-05 13:51:27 INFO  org.reflections.Reflections:219 - Reflections took 6 ms to scan 1 urls, producing 7 keys and 37 values
2025-11-05 13:51:28 INFO  edu.pitt.dbmi.causal.cmd.data.DataValidations:166 - Start data validation on file tetrad_set_reduced_n2000.csv.
2025-11-05 13:51:28 INFO  edu.pitt.dbmi.causal.cmd.data.DataValidations:166 - End data validation on file tetrad_set_reduced_n2000.csv.
2025-11-05 13:51:28 INFO  edu.pitt.dbmi.causal.cmd.data.DataValidations:109 - There are 2000 cases and 53 variables.
2025-11-05 13:51:28 INFO  edu.pitt.dbmi.causal.cmd.data.DataFiles:166 - Start reading in file tetrad_set_reduced_n2000.csv.
2025-11-05 13:51:28 INFO  edu.pitt.dbmi.causal.cmd.data.DataFiles:166 - Finished reading in file tetrad_set_reduced_n2000.csv.
2025-11-05 13:51:28 INFO  edu.pitt.dbmi.causal.cmd.data.DataFiles:166 - File tetrad_set_reduced_n2000.csv contains 2000 cases, 53 variables.
2025-11-05 13:51:28 INFO  edu.pitt.dbmi.causal.cmd.data.DataFiles:166 - Start reading in file tetrad_bk_reduced.txt.
2025-11-05 13:51:28 INFO  edu.pitt.dbmi.causal.cmd.data.DataFiles:166 - Finished reading in file tetrad_bk_reduced.txt.
2025-11-05 13:51:46 INFO  org.reflections.Reflections:219 - Reflections took 48 ms to scan 1 urls, producing 17 keys and 408 values
2025-11-05 13:51:46 INFO  org.reflections.Reflections:219 - Reflections took 7 ms to scan 1 urls, producing 8 keys and 38 values
2025-11-05 13:51:46 INFO  org.reflections.Reflections:219 - Reflections took 6 ms to scan 1 urls, producing 7 keys and 37 values
2025-11-05 13:51:47 INFO  edu.pitt.dbmi.causal.cmd.data.DataValidations:166 - Start data validation on file tetrad_set_reduced_n2000.csv.
2025-11-05 13:51:47 INFO  edu.pitt.dbmi.causal.cmd.data.DataValidations:166 - End data validation on file tetrad_set_reduced_n2000.csv.
2025-11-05 13:51:47 INFO  edu.pitt.dbmi.causal.cmd.data.DataValidations:109 - There are 2000 cases and 53 variables.
2025-11-05 13:51:47 INFO  edu.pitt.dbmi.causal.cmd.data.DataFiles:166 - Start reading in file tetrad_set_reduced_n2000.csv.
2025-11-05 13:51:47 INFO  edu.pitt.dbmi.causal.cmd.data.DataFiles:166 - Finished reading in file tetrad_set_reduced_n2000.csv.
2025-11-05 13:51:47 INFO  edu.pitt.dbmi.causal.cmd.data.DataFiles:166 - File tetrad_set_reduced_n2000.csv contains 2000 cases, 53 variables.
2025-11-05 13:52:25 INFO  org.reflections.Reflections:219 - Reflections took 47 ms to scan 1 urls, producing 17 keys and 408 values
2025-11-05 13:52:25 INFO  org.reflections.Reflections:219 - Reflections took 7 ms to scan 1 urls, producing 8 keys and 38 values
2025-11-05 13:52:25 INFO  org.reflections.Reflections:219 - Reflections took 6 ms to scan 1 urls, producing 7 keys and 37 values
2025-11-05 13:52:26 INFO  edu.pitt.dbmi.causal.cmd.data.DataValidations:166 - Start data validation on file tetrad_set_reduced_n2000.csv.
2025-11-05 13:52:26 INFO  edu.pitt.dbmi.causal.cmd.data.DataValidations:166 - End data validation on file tetrad_set_reduced_n2000.csv.
2025-11-05 13:52:26 INFO  edu.pitt.dbmi.causal.cmd.data.DataValidations:109 - There are 2000 cases and 53 variables.
2025-11-05 13:52:26 INFO  edu.pitt.dbmi.causal.cmd.data.DataFiles:166 - Start reading in file tetrad_set_reduced_n2000.csv.
2025-11-05 13:52:26 INFO  edu.pitt.dbmi.causal.cmd.data.DataFiles:166 - Finished reading in file tetrad_set_reduced_n2000.csv.
2025-11-05 13:52:26 INFO  edu.pitt.dbmi.causal.cmd.data.DataFiles:166 - File tetrad_set_reduced_n2000.csv contains 2000 cases, 53 variables.
2025-11-05 13:52:42 INFO  org.reflections.Reflections:219 - Reflections took 48 ms to scan 1 urls, producing 17 keys and 408 values
2025-11-05 13:52:42 INFO  org.reflections.Reflections:219 - Reflections took 7 ms to scan 1 urls, producing 8 keys and 38 values
2025-11-05 13:52:42 INFO  org.reflections.Reflections:219 - Reflections took 6 ms to scan 1 urls, producing 7 keys and 37 values
2025-11-05 13:52:43 INFO  edu.pitt.dbmi.causal.cmd.data.DataValidations:166 - Start data validation on file tetrad_set_reduced_n2000.csv.
2025-11-05 13:52:43 INFO  edu.pitt.dbmi.causal.cmd.data.DataValidations:166 - End data validation on file tetrad_set_reduced_n2000.csv.
2025-11-05 13:52:43 INFO  edu.pitt.dbmi.causal.cmd.data.DataValidations:109 - There are 2000 cases and 53 variables.
2025-11-05 13:52:43 INFO  edu.pitt.dbmi.causal.cmd.data.DataFiles:166 - Start reading in file tetrad_set_reduced_n2000.csv.
2025-11-05 13:52:43 INFO  edu.pitt.dbmi.causal.cmd.data.DataFiles:166 - Finished reading in file tetrad_set_reduced_n2000.csv.
2025-11-05 13:52:43 INFO  edu.pitt.dbmi.causal.cmd.data.DataFiles:166 - File tetrad_set_reduced_n2000.csv contains 2000 cases, 53 variables.
2025-11-05 13:53:09 INFO  org.reflections.Reflections:219 - Reflections took 46 ms to scan 1 urls, producing 17 keys and 408 values
2025-11-05 13:53:09 INFO  org.reflections.Reflections:219 - Reflections took 6 ms to scan 1 urls, producing 8 keys and 38 values
2025-11-05 13:53:09 INFO  org.reflections.Reflections:219 - Reflections took 6 ms to scan 1 urls, producing 7 keys and 37 values
2025-11-05 13:53:09 INFO  edu.pitt.dbmi.causal.cmd.data.DataValidations:166 - Start data validation on file tetrad_set_reduced_n2000.csv.
2025-11-05 13:53:10 INFO  edu.pitt.dbmi.causal.cmd.data.DataValidations:166 - End data validation on file tetrad_set_reduced_n2000.csv.
2025-11-05 13:53:10 INFO  edu.pitt.dbmi.causal.cmd.data.DataValidations:109 - There are 2000 cases and 53 variables.
2025-11-05 13:53:10 INFO  edu.pitt.dbmi.causal.cmd.data.DataFiles:166 - Start reading in file tetrad_set_reduced_n2000.csv.
2025-11-05 13:53:10 INFO  edu.pitt.dbmi.causal.cmd.data.DataFiles:166 - Finished reading in file tetrad_set_reduced_n2000.csv.
2025-11-05 13:53:10 INFO  edu.pitt.dbmi.causal.cmd.data.DataFiles:166 - File tetrad_set_reduced_n2000.csv contains 2000 cases, 53 variables.
2025-11-05 13:53:29 INFO  org.reflections.Reflections:219 - Reflections took 47 ms to scan 1 urls, producing 17 keys and 408 values
2025-11-05 13:53:29 INFO  org.reflections.Reflections:219 - Reflections took 7 ms to scan 1 urls, producing 8 keys and 38 values
2025-11-05 13:53:29 INFO  org.reflections.Reflections:219 - Reflections took 7 ms to scan 1 urls, producing 7 keys and 37 values
2025-11-05 13:53:29 INFO  edu.pitt.dbmi.causal.cmd.data.DataValidations:166 - Start data validation on file tetrad_set_reduced_n2000.csv.
2025-11-05 13:53:30 INFO  edu.pitt.dbmi.causal.cmd.data.DataValidations:166 - End data validation on file tetrad_set_reduced_n2000.csv.
2025-11-05 13:53:30 INFO  edu.pitt.dbmi.causal.cmd.data.DataValidations:109 - There are 2000 cases and 53 variables.
2025-11-05 13:53:30 INFO  edu.pitt.dbmi.causal.cmd.data.DataFiles:166 - Start reading in file tetrad_set_reduced_n2000.csv.
2025-11-05 13:53:30 INFO  edu.pitt.dbmi.causal.cmd.data.DataFiles:166 - Finished reading in file tetrad_set_reduced_n2000.csv.
2025-11-05 13:53:30 INFO  edu.pitt.dbmi.causal.cmd.data.DataFiles:166 - File tetrad_set_reduced_n2000.csv contains 2000 cases, 53 variables.
2025-11-05 13:53:53 INFO  org.reflections.Reflections:219 - Reflections took 46 ms to scan 1 urls, producing 17 keys and 408 values
2025-11-05 13:53:53 INFO  org.reflections.Reflections:219 - Reflections took 6 ms to scan 1 urls, producing 8 keys and 38 values
2025-11-05 13:53:53 INFO  org.reflections.Reflections:219 - Reflections took 5 ms to scan 1 urls, producing 7 keys and 37 values
2025-11-05 13:53:54 INFO  edu.pitt.dbmi.causal.cmd.data.DataValidations:166 - Start data validation on file tetrad_set_reduced_n2000.csv.
2025-11-05 13:53:54 INFO  edu.pitt.dbmi.causal.cmd.data.DataValidations:166 - End data validation on file tetrad_set_reduced_n2000.csv.
2025-11-05 13:53:54 INFO  edu.pitt.dbmi.causal.cmd.data.DataValidations:109 - There are 2000 cases and 53 variables.
2025-11-05 13:53:54 INFO  edu.pitt.dbmi.causal.cmd.data.DataFiles:166 - Start reading in file tetrad_set_reduced_n2000.csv.
2025-11-05 13:53:54 INFO  edu.pitt.dbmi.causal.cmd.data.DataFiles:166 - Finished reading in file tetrad_set_reduced_n2000.csv.
2025-11-05 13:53:54 INFO  edu.pitt.dbmi.causal.cmd.data.DataFiles:166 - File tetrad_set_reduced_n2000.csv contains 2000 cases, 53 variables.
2025-11-05 13:54:10 INFO  org.reflections.Reflections:219 - Reflections took 49 ms to scan 1 urls, producing 17 keys and 408 values
2025-11-05 13:54:10 INFO  org.reflections.Reflections:219 - Reflections took 6 ms to scan 1 urls, producing 8 keys and 38 values
2025-11-05 13:54:10 INFO  org.reflections.Reflections:219 - Reflections took 5 ms to scan 1 urls, producing 7 keys and 37 values
2025-11-05 13:54:10 INFO  edu.pitt.dbmi.causal.cmd.data.DataValidations:166 - Start data validation on file tetrad_set_reduced_n2000.csv.
2025-11-05 13:54:10 INFO  edu.pitt.dbmi.causal.cmd.data.DataValidations:166 - End data validation on file tetrad_set_reduced_n2000.csv.
2025-11-05 13:54:10 INFO  edu.pitt.dbmi.causal.cmd.data.DataValidations:109 - There are 2000 cases and 53 variables.
2025-11-05 13:54:10 INFO  edu.pitt.dbmi.causal.cmd.data.DataFiles:166 - Start reading in file tetrad_set_reduced_n2000.csv.
2025-11-05 13:54:11 INFO  edu.pitt.dbmi.causal.cmd.data.DataFiles:166 - Finished reading in file tetrad_set_reduced_n2000.csv.
2025-11-05 13:54:11 INFO  edu.pitt.dbmi.causal.cmd.data.DataFiles:166 - File tetrad_set_reduced_n2000.csv contains 2000 cases, 53 variables.
2025-11-05 13:55:15 INFO  org.reflections.Reflections:219 - Reflections took 47 ms to scan 1 urls, producing 17 keys and 408 values
2025-11-05 13:55:15 INFO  org.reflections.Reflections:219 - Reflections took 7 ms to scan 1 urls, producing 8 keys and 38 values
2025-11-05 13:55:15 INFO  org.reflections.Reflections:219 - Reflections took 6 ms to scan 1 urls, producing 7 keys and 37 values
2025-11-05 13:55:16 INFO  edu.pitt.dbmi.causal.cmd.data.DataValidations:166 - Start data validation on file tetrad_set_reduced_n2000.csv.
2025-11-05 13:55:16 INFO  edu.pitt.dbmi.causal.cmd.data.DataValidations:166 - End data validation on file tetrad_set_reduced_n2000.csv.
2025-11-05 13:55:16 INFO  edu.pitt.dbmi.causal.cmd.data.DataValidations:109 - There are 2000 cases and 53 variables.
2025-11-05 13:55:16 INFO  edu.pitt.dbmi.causal.cmd.data.DataFiles:166 - Start reading in file tetrad_set_reduced_n2000.csv.
2025-11-05 13:55:16 INFO  edu.pitt.dbmi.causal.cmd.data.DataFiles:166 - Finished reading in file tetrad_set_reduced_n2000.csv.
2025-11-05 13:55:16 INFO  edu.pitt.dbmi.causal.cmd.data.DataFiles:166 - File tetrad_set_reduced_n2000.csv contains 2000 cases, 53 variables.
2025-11-05 13:55:16 INFO  edu.pitt.dbmi.causal.cmd.data.DataFiles:166 - Start reading in file tetrad_bk_reduced.txt.
2025-11-05 13:55:16 INFO  edu.pitt.dbmi.causal.cmd.data.DataFiles:166 - Finished reading in file tetrad_bk_reduced.txt.
2025-11-05 13:55:48 INFO  org.reflections.Reflections:219 - Reflections took 49 ms to scan 1 urls, producing 17 keys and 408 values
2025-11-05 13:55:48 INFO  org.reflections.Reflections:219 - Reflections took 6 ms to scan 1 urls, producing 8 keys and 38 values
2025-11-05 13:55:48 INFO  org.reflections.Reflections:219 - Reflections took 4 ms to scan 1 urls, producing 7 keys and 37 values
2025-11-05 13:56:04 INFO  org.reflections.Reflections:219 - Reflections took 50 ms to scan 1 urls, producing 17 keys and 408 values
2025-11-05 13:56:04 INFO  org.reflections.Reflections:219 - Reflections took 6 ms to scan 1 urls, producing 8 keys and 38 values
2025-11-05 13:56:04 INFO  org.reflections.Reflections:219 - Reflections took 6 ms to scan 1 urls, producing 7 keys and 37 values
2025-11-05 13:56:04 INFO  edu.pitt.dbmi.causal.cmd.data.DataValidations:166 - Start data validation on file tetrad_set_reduced_n2000.csv.
2025-11-05 13:56:04 INFO  edu.pitt.dbmi.causal.cmd.data.DataValidations:166 - End data validation on file tetrad_set_reduced_n2000.csv.
2025-11-05 13:56:04 INFO  edu.pitt.dbmi.causal.cmd.data.DataValidations:109 - There are 2000 cases and 53 variables.
2025-11-05 13:56:04 INFO  edu.pitt.dbmi.causal.cmd.data.DataFiles:166 - Start reading in file tetrad_set_reduced_n2000.csv.
2025-11-05 13:56:04 INFO  edu.pitt.dbmi.causal.cmd.data.DataFiles:166 - Finished reading in file tetrad_set_reduced_n2000.csv.
2025-11-05 13:56:04 INFO  edu.pitt.dbmi.causal.cmd.data.DataFiles:166 - File tetrad_set_reduced_n2000.csv contains 2000 cases, 53 variables.
2025-11-05 13:56:04 INFO  edu.pitt.dbmi.causal.cmd.data.DataFiles:166 - Start reading in file tetrad_bk_reduced.txt.
2025-11-05 13:56:05 INFO  edu.pitt.dbmi.causal.cmd.data.DataFiles:166 - Finished reading in file tetrad_bk_reduced.txt.
2025-11-05 13:56:44 INFO  org.reflections.Reflections:219 - Reflections took 46 ms to scan 1 urls, producing 17 keys and 408 values
2025-11-05 13:56:44 INFO  org.reflections.Reflections:219 - Reflections took 7 ms to scan 1 urls, producing 8 keys and 38 values
2025-11-05 13:56:44 INFO  org.reflections.Reflections:219 - Reflections took 6 ms to scan 1 urls, producing 7 keys and 37 values
2025-11-05 13:56:45 INFO  edu.pitt.dbmi.causal.cmd.data.DataValidations:166 - Start data validation on file tetrad_set_reduced_n2000.csv.
2025-11-05 13:56:45 INFO  edu.pitt.dbmi.causal.cmd.data.DataValidations:166 - End data validation on file tetrad_set_reduced_n2000.csv.
2025-11-05 13:56:45 INFO  edu.pitt.dbmi.causal.cmd.data.DataValidations:109 - There are 2000 cases and 53 variables.
2025-11-05 13:56:45 INFO  edu.pitt.dbmi.causal.cmd.data.DataFiles:166 - Start reading in file tetrad_set_reduced_n2000.csv.
2025-11-05 13:56:45 INFO  edu.pitt.dbmi.causal.cmd.data.DataFiles:166 - Finished reading in file tetrad_set_reduced_n2000.csv.
2025-11-05 13:56:45 INFO  edu.pitt.dbmi.causal.cmd.data.DataFiles:166 - File tetrad_set_reduced_n2000.csv contains 2000 cases, 53 variables.
2025-11-05 13:56:45 INFO  edu.pitt.dbmi.causal.cmd.data.DataFiles:166 - Start reading in file tetrad_bk_reduced.txt.
2025-11-05 13:56:45 INFO  edu.pitt.dbmi.causal.cmd.data.DataFiles:166 - Finished reading in file tetrad_bk_reduced.txt.
2025-11-05 14:00:33 INFO  org.reflections.Reflections:219 - Reflections took 48 ms to scan 1 urls, producing 17 keys and 408 values
2025-11-05 14:00:33 INFO  org.reflections.Reflections:219 - Reflections took 5 ms to scan 1 urls, producing 8 keys and 38 values
2025-11-05 14:00:33 INFO  org.reflections.Reflections:219 - Reflections took 5 ms to scan 1 urls, producing 7 keys and 37 values
2025-11-05 14:00:33 INFO  edu.pitt.dbmi.causal.cmd.data.DataValidations:166 - Start data validation on file tetrad_set_reduced_n2000.csv.
2025-11-05 14:00:33 INFO  edu.pitt.dbmi.causal.cmd.data.DataValidations:166 - End data validation on file tetrad_set_reduced_n2000.csv.
2025-11-05 14:00:33 INFO  edu.pitt.dbmi.causal.cmd.data.DataValidations:109 - There are 2000 cases and 53 variables.
2025-11-05 14:00:33 INFO  edu.pitt.dbmi.causal.cmd.data.DataFiles:166 - Start reading in file tetrad_set_reduced_n2000.csv.
2025-11-05 14:00:33 INFO  edu.pitt.dbmi.causal.cmd.data.DataFiles:166 - Finished reading in file tetrad_set_reduced_n2000.csv.
2025-11-05 14:00:33 INFO  edu.pitt.dbmi.causal.cmd.data.DataFiles:166 - File tetrad_set_reduced_n2000.csv contains 2000 cases, 53 variables.
2025-11-05 14:00:33 INFO  edu.pitt.dbmi.causal.cmd.data.DataFiles:166 - Start reading in file tetrad_bk_reduced.txt.
2025-11-05 14:00:34 INFO  edu.pitt.dbmi.causal.cmd.data.DataFiles:166 - Finished reading in file tetrad_bk_reduced.txt.
2025-11-05 14:01:04 INFO  org.reflections.Reflections:219 - Reflections took 48 ms to scan 1 urls, producing 17 keys and 408 values
2025-11-05 14:01:04 INFO  org.reflections.Reflections:219 - Reflections took 6 ms to scan 1 urls, producing 8 keys and 38 values
2025-11-05 14:01:04 INFO  org.reflections.Reflections:219 - Reflections took 5 ms to scan 1 urls, producing 7 keys and 37 values
2025-11-05 14:01:04 INFO  edu.pitt.dbmi.causal.cmd.data.DataValidations:166 - Start data validation on file tetrad_set_reduced_n2000.csv.
2025-11-05 14:01:04 INFO  edu.pitt.dbmi.causal.cmd.data.DataValidations:166 - End data validation on file tetrad_set_reduced_n2000.csv.
2025-11-05 14:01:04 INFO  edu.pitt.dbmi.causal.cmd.data.DataValidations:109 - There are 2000 cases and 53 variables.
2025-11-05 14:01:04 INFO  edu.pitt.dbmi.causal.cmd.data.DataFiles:166 - Start reading in file tetrad_set_reduced_n2000.csv.
2025-11-05 14:01:04 INFO  edu.pitt.dbmi.causal.cmd.data.DataFiles:166 - Finished reading in file tetrad_set_reduced_n2000.csv.
2025-11-05 14:01:04 INFO  edu.pitt.dbmi.causal.cmd.data.DataFiles:166 - File tetrad_set_reduced_n2000.csv contains 2000 cases, 53 variables.
2025-11-05 14:02:28 INFO  org.reflections.Reflections:219 - Reflections took 48 ms to scan 1 urls, producing 17 keys and 408 values
2025-11-05 14:02:28 INFO  org.reflections.Reflections:219 - Reflections took 5 ms to scan 1 urls, producing 8 keys and 38 values
2025-11-05 14:02:28 INFO  org.reflections.Reflections:219 - Reflections took 4 ms to scan 1 urls, producing 7 keys and 37 values
2025-11-05 14:02:28 INFO  edu.pitt.dbmi.causal.cmd.data.DataValidations:166 - Start data validation on file tetrad_set_reduced_n2000.csv.
2025-11-05 14:02:28 INFO  edu.pitt.dbmi.causal.cmd.data.DataValidations:166 - End data validation on file tetrad_set_reduced_n2000.csv.
2025-11-05 14:02:28 INFO  edu.pitt.dbmi.causal.cmd.data.DataValidations:109 - There are 2000 cases and 53 variables.
2025-11-05 14:02:28 INFO  edu.pitt.dbmi.causal.cmd.data.DataFiles:166 - Start reading in file tetrad_set_reduced_n2000.csv.
2025-11-05 14:02:28 INFO  edu.pitt.dbmi.causal.cmd.data.DataFiles:166 - Finished reading in file tetrad_set_reduced_n2000.csv.
2025-11-05 14:02:28 INFO  edu.pitt.dbmi.causal.cmd.data.DataFiles:166 - File tetrad_set_reduced_n2000.csv contains 2000 cases, 53 variables.
2025-11-05 14:02:28 INFO  edu.pitt.dbmi.causal.cmd.data.DataFiles:166 - Start reading in file tetrad_bk_reduced.txt.
2025-11-05 14:02:28 INFO  edu.pitt.dbmi.causal.cmd.data.DataFiles:166 - Finished reading in file tetrad_bk_reduced.txt.
2025-11-05 14:42:08 INFO  org.reflections.Reflections:219 - Reflections took 46 ms to scan 1 urls, producing 17 keys and 408 values
2025-11-05 14:42:08 INFO  org.reflections.Reflections:219 - Reflections took 7 ms to scan 1 urls, producing 8 keys and 38 values
2025-11-05 14:42:09 INFO  org.reflections.Reflections:219 - Reflections took 6 ms to scan 1 urls, producing 7 keys and 37 values
2025-11-05 14:42:09 INFO  edu.pitt.dbmi.causal.cmd.data.DataValidations:166 - Start data validation on file tetrad_set_reduced_n1000.csv.
2025-11-05 14:42:09 INFO  edu.pitt.dbmi.causal.cmd.data.DataValidations:166 - End data validation on file tetrad_set_reduced_n1000.csv.
2025-11-05 14:42:09 INFO  edu.pitt.dbmi.causal.cmd.data.DataValidations:109 - There are 1000 cases and 53 variables.
2025-11-05 14:42:09 INFO  edu.pitt.dbmi.causal.cmd.data.DataFiles:166 - Start reading in file tetrad_set_reduced_n1000.csv.
2025-11-05 14:42:09 INFO  edu.pitt.dbmi.causal.cmd.data.DataFiles:166 - Finished reading in file tetrad_set_reduced_n1000.csv.
2025-11-05 14:42:09 INFO  edu.pitt.dbmi.causal.cmd.data.DataFiles:166 - File tetrad_set_reduced_n1000.csv contains 1000 cases, 53 variables.
2025-11-05 14:42:09 INFO  edu.pitt.dbmi.causal.cmd.data.DataFiles:166 - Start reading in file tetrad_bk_reduced.txt.
2025-11-05 14:42:09 INFO  edu.pitt.dbmi.causal.cmd.data.DataFiles:166 - Finished reading in file tetrad_bk_reduced.txt.
2025-11-05 14:57:13 INFO  org.reflections.Reflections:219 - Reflections took 50 ms to scan 1 urls, producing 17 keys and 408 values
2025-11-05 14:57:13 INFO  org.reflections.Reflections:219 - Reflections took 7 ms to scan 1 urls, producing 8 keys and 38 values
2025-11-05 14:57:13 INFO  org.reflections.Reflections:219 - Reflections took 6 ms to scan 1 urls, producing 7 keys and 37 values
2025-11-05 14:57:14 INFO  edu.pitt.dbmi.causal.cmd.data.DataValidations:166 - Start data validation on file tetrad_set_reduced_n1000.csv.
2025-11-05 14:57:14 INFO  edu.pitt.dbmi.causal.cmd.data.DataValidations:166 - End data validation on file tetrad_set_reduced_n1000.csv.
2025-11-05 14:57:14 INFO  edu.pitt.dbmi.causal.cmd.data.DataValidations:109 - There are 1000 cases and 53 variables.
2025-11-05 14:57:14 INFO  edu.pitt.dbmi.causal.cmd.data.DataFiles:166 - Start reading in file tetrad_set_reduced_n1000.csv.
2025-11-05 14:57:14 INFO  edu.pitt.dbmi.causal.cmd.data.DataFiles:166 - Finished reading in file tetrad_set_reduced_n1000.csv.
2025-11-05 14:57:14 INFO  edu.pitt.dbmi.causal.cmd.data.DataFiles:166 - File tetrad_set_reduced_n1000.csv contains 1000 cases, 53 variables.
2025-11-05 14:57:14 INFO  edu.pitt.dbmi.causal.cmd.data.DataFiles:166 - Start reading in file tetrad_bk_reduced.txt.
2025-11-05 14:57:14 INFO  edu.pitt.dbmi.causal.cmd.data.DataFiles:166 - Finished reading in file tetrad_bk_reduced.txt.
2025-11-05 17:05:14 INFO  org.reflections.Reflections:219 - Reflections took 45 ms to scan 1 urls, producing 17 keys and 408 values
2025-11-05 17:05:14 INFO  org.reflections.Reflections:219 - Reflections took 5 ms to scan 1 urls, producing 8 keys and 38 values
2025-11-05 17:05:14 INFO  org.reflections.Reflections:219 - Reflections took 5 ms to scan 1 urls, producing 7 keys and 37 values
2025-11-05 17:05:14 INFO  edu.pitt.dbmi.causal.cmd.data.DataValidations:166 - Start data validation on file tetrad_set_reduced_imputed.csv.
2025-11-05 17:05:14 INFO  edu.pitt.dbmi.causal.cmd.data.DataValidations:166 - End data validation on file tetrad_set_reduced_imputed.csv.
2025-11-05 17:05:14 INFO  edu.pitt.dbmi.causal.cmd.data.DataValidations:109 - There are 3534 cases and 53 variables.
2025-11-05 17:05:14 INFO  edu.pitt.dbmi.causal.cmd.data.DataFiles:166 - Start reading in file tetrad_set_reduced_imputed.csv.
2025-11-05 17:05:14 INFO  edu.pitt.dbmi.causal.cmd.data.DataFiles:166 - Finished reading in file tetrad_set_reduced_imputed.csv.
2025-11-05 17:05:14 INFO  edu.pitt.dbmi.causal.cmd.data.DataFiles:166 - File tetrad_set_reduced_imputed.csv contains 3534 cases, 53 variables.
2025-11-05 17:05:14 INFO  edu.pitt.dbmi.causal.cmd.data.DataFiles:166 - Start reading in file tetrad_bk_reduced.txt.
2025-11-05 17:05:14 INFO  edu.pitt.dbmi.causal.cmd.data.DataFiles:166 - Finished reading in file tetrad_bk_reduced.txt.
2025-11-05 17:06:19 INFO  org.reflections.Reflections:219 - Reflections took 47 ms to scan 1 urls, producing 17 keys and 408 values
2025-11-05 17:06:19 INFO  org.reflections.Reflections:219 - Reflections took 5 ms to scan 1 urls, producing 8 keys and 38 values
2025-11-05 17:06:19 INFO  org.reflections.Reflections:219 - Reflections took 5 ms to scan 1 urls, producing 7 keys and 37 values
2025-11-05 17:06:19 INFO  edu.pitt.dbmi.causal.cmd.data.DataValidations:166 - Start data validation on file tetrad_set_reduced_imputed.csv.
2025-11-05 17:06:19 INFO  edu.pitt.dbmi.causal.cmd.data.DataValidations:166 - End data validation on file tetrad_set_reduced_imputed.csv.
2025-11-05 17:06:19 INFO  edu.pitt.dbmi.causal.cmd.data.DataValidations:109 - There are 3534 cases and 53 variables.
2025-11-05 17:06:19 INFO  edu.pitt.dbmi.causal.cmd.data.DataFiles:166 - Start reading in file tetrad_set_reduced_imputed.csv.
2025-11-05 17:06:19 INFO  edu.pitt.dbmi.causal.cmd.data.DataFiles:166 - Finished reading in file tetrad_set_reduced_imputed.csv.
2025-11-05 17:06:19 INFO  edu.pitt.dbmi.causal.cmd.data.DataFiles:166 - File tetrad_set_reduced_imputed.csv contains 3534 cases, 53 variables.
2025-11-05 17:06:19 INFO  edu.pitt.dbmi.causal.cmd.data.DataFiles:166 - Start reading in file tetrad_bk_reduced.txt.
2025-11-05 17:06:19 INFO  edu.pitt.dbmi.causal.cmd.data.DataFiles:166 - Finished reading in file tetrad_bk_reduced.txt.
2025-11-05 17:07:03 INFO  org.reflections.Reflections:219 - Reflections took 47 ms to scan 1 urls, producing 17 keys and 408 values
2025-11-05 17:07:03 INFO  org.reflections.Reflections:219 - Reflections took 6 ms to scan 1 urls, producing 8 keys and 38 values
2025-11-05 17:07:03 INFO  org.reflections.Reflections:219 - Reflections took 5 ms to scan 1 urls, producing 7 keys and 37 values
2025-11-05 17:07:03 INFO  edu.pitt.dbmi.causal.cmd.data.DataValidations:166 - Start data validation on file tetrad_set_reduced_imputed.csv.
2025-11-05 17:07:03 INFO  edu.pitt.dbmi.causal.cmd.data.DataValidations:166 - End data validation on file tetrad_set_reduced_imputed.csv.
2025-11-05 17:07:03 INFO  edu.pitt.dbmi.causal.cmd.data.DataValidations:109 - There are 3534 cases and 53 variables.
2025-11-05 17:07:03 INFO  edu.pitt.dbmi.causal.cmd.data.DataFiles:166 - Start reading in file tetrad_set_reduced_imputed.csv.
2025-11-05 17:07:03 INFO  edu.pitt.dbmi.causal.cmd.data.DataFiles:166 - Finished reading in file tetrad_set_reduced_imputed.csv.
2025-11-05 17:07:03 INFO  edu.pitt.dbmi.causal.cmd.data.DataFiles:166 - File tetrad_set_reduced_imputed.csv contains 3534 cases, 53 variables.
2025-11-05 17:07:03 INFO  edu.pitt.dbmi.causal.cmd.data.DataFiles:166 - Start reading in file tetrad_bk_reduced.txt.
2025-11-05 17:07:03 INFO  edu.pitt.dbmi.causal.cmd.data.DataFiles:166 - Finished reading in file tetrad_bk_reduced.txt.
2025-11-05 17:09:12 INFO  org.reflections.Reflections:219 - Reflections took 45 ms to scan 1 urls, producing 17 keys and 408 values
2025-11-05 17:09:12 INFO  org.reflections.Reflections:219 - Reflections took 6 ms to scan 1 urls, producing 8 keys and 38 values
2025-11-05 17:09:12 INFO  org.reflections.Reflections:219 - Reflections took 4 ms to scan 1 urls, producing 7 keys and 37 values
2025-11-05 17:09:12 INFO  edu.pitt.dbmi.causal.cmd.data.DataValidations:166 - Start data validation on file tetrad_set_reduced_imputed.csv.
2025-11-05 17:09:12 INFO  edu.pitt.dbmi.causal.cmd.data.DataValidations:166 - End data validation on file tetrad_set_reduced_imputed.csv.
2025-11-05 17:09:12 INFO  edu.pitt.dbmi.causal.cmd.data.DataValidations:109 - There are 3534 cases and 53 variables.
2025-11-05 17:09:12 INFO  edu.pitt.dbmi.causal.cmd.data.DataFiles:166 - Start reading in file tetrad_set_reduced_imputed.csv.
2025-11-05 17:09:12 INFO  edu.pitt.dbmi.causal.cmd.data.DataFiles:166 - Finished reading in file tetrad_set_reduced_imputed.csv.
2025-11-05 17:09:12 INFO  edu.pitt.dbmi.causal.cmd.data.DataFiles:166 - File tetrad_set_reduced_imputed.csv contains 3534 cases, 53 variables.
2025-11-05 17:09:12 INFO  edu.pitt.dbmi.causal.cmd.data.DataFiles:166 - Start reading in file tetrad_bk_reduced.txt.
2025-11-05 17:09:12 INFO  edu.pitt.dbmi.causal.cmd.data.DataFiles:166 - Finished reading in file tetrad_bk_reduced.txt.
2025-11-05 17:09:29 INFO  org.reflections.Reflections:219 - Reflections took 46 ms to scan 1 urls, producing 17 keys and 408 values
2025-11-05 17:09:29 INFO  org.reflections.Reflections:219 - Reflections took 5 ms to scan 1 urls, producing 8 keys and 38 values
2025-11-05 17:09:29 INFO  org.reflections.Reflections:219 - Reflections took 4 ms to scan 1 urls, producing 7 keys and 37 values
2025-11-05 17:09:30 INFO  edu.pitt.dbmi.causal.cmd.data.DataValidations:166 - Start data validation on file tetrad_set_reduced_imputed.csv.
2025-11-05 17:09:30 INFO  edu.pitt.dbmi.causal.cmd.data.DataValidations:166 - End data validation on file tetrad_set_reduced_imputed.csv.
2025-11-05 17:09:30 INFO  edu.pitt.dbmi.causal.cmd.data.DataValidations:109 - There are 3534 cases and 53 variables.
2025-11-05 17:09:30 INFO  edu.pitt.dbmi.causal.cmd.data.DataFiles:166 - Start reading in file tetrad_set_reduced_imputed.csv.
2025-11-05 17:09:30 INFO  edu.pitt.dbmi.causal.cmd.data.DataFiles:166 - Finished reading in file tetrad_set_reduced_imputed.csv.
2025-11-05 17:09:30 INFO  edu.pitt.dbmi.causal.cmd.data.DataFiles:166 - File tetrad_set_reduced_imputed.csv contains 3534 cases, 53 variables.
2025-11-05 17:09:30 INFO  edu.pitt.dbmi.causal.cmd.data.DataFiles:166 - Start reading in file tetrad_bk_reduced.txt.
2025-11-05 17:09:30 INFO  edu.pitt.dbmi.causal.cmd.data.DataFiles:166 - Finished reading in file tetrad_bk_reduced.txt.
2025-11-05 17:10:13 INFO  org.reflections.Reflections:219 - Reflections took 47 ms to scan 1 urls, producing 17 keys and 408 values
2025-11-05 17:10:13 INFO  org.reflections.Reflections:219 - Reflections took 5 ms to scan 1 urls, producing 8 keys and 38 values
2025-11-05 17:10:13 INFO  org.reflections.Reflections:219 - Reflections took 5 ms to scan 1 urls, producing 7 keys and 37 values
2025-11-05 17:10:13 INFO  edu.pitt.dbmi.causal.cmd.data.DataValidations:166 - Start data validation on file tetrad_set_reduced_imputed.csv.
2025-11-05 17:10:13 INFO  edu.pitt.dbmi.causal.cmd.data.DataValidations:166 - End data validation on file tetrad_set_reduced_imputed.csv.
2025-11-05 17:10:13 INFO  edu.pitt.dbmi.causal.cmd.data.DataValidations:109 - There are 3534 cases and 53 variables.
2025-11-05 17:10:13 INFO  edu.pitt.dbmi.causal.cmd.data.DataFiles:166 - Start reading in file tetrad_set_reduced_imputed.csv.
2025-11-05 17:10:13 INFO  edu.pitt.dbmi.causal.cmd.data.DataFiles:166 - Finished reading in file tetrad_set_reduced_imputed.csv.
2025-11-05 17:10:13 INFO  edu.pitt.dbmi.causal.cmd.data.DataFiles:166 - File tetrad_set_reduced_imputed.csv contains 3534 cases, 53 variables.
2025-11-05 17:10:13 INFO  edu.pitt.dbmi.causal.cmd.data.DataFiles:166 - Start reading in file tetrad_bk_reduced.txt.
2025-11-05 17:10:13 INFO  edu.pitt.dbmi.causal.cmd.data.DataFiles:166 - Finished reading in file tetrad_bk_reduced.txt.
2025-11-05 17:12:58 INFO  org.reflections.Reflections:219 - Reflections took 46 ms to scan 1 urls, producing 17 keys and 408 values
2025-11-05 17:12:58 INFO  org.reflections.Reflections:219 - Reflections took 7 ms to scan 1 urls, producing 8 keys and 38 values
2025-11-05 17:12:59 INFO  org.reflections.Reflections:219 - Reflections took 7 ms to scan 1 urls, producing 7 keys and 37 values
2025-11-05 17:12:59 INFO  edu.pitt.dbmi.causal.cmd.data.DataValidations:166 - Start data validation on file tetrad_set_reduced_imputed.csv.
2025-11-05 17:12:59 INFO  edu.pitt.dbmi.causal.cmd.data.DataValidations:166 - End data validation on file tetrad_set_reduced_imputed.csv.
2025-11-05 17:12:59 INFO  edu.pitt.dbmi.causal.cmd.data.DataValidations:109 - There are 3534 cases and 50 variables.
2025-11-05 17:12:59 INFO  edu.pitt.dbmi.causal.cmd.data.DataFiles:166 - Start reading in file tetrad_set_reduced_imputed.csv.
2025-11-05 17:12:59 INFO  edu.pitt.dbmi.causal.cmd.data.DataFiles:166 - Finished reading in file tetrad_set_reduced_imputed.csv.
2025-11-05 17:12:59 INFO  edu.pitt.dbmi.causal.cmd.data.DataFiles:166 - File tetrad_set_reduced_imputed.csv contains 3534 cases, 50 variables.
2025-11-05 17:12:59 INFO  edu.pitt.dbmi.causal.cmd.data.DataFiles:166 - Start reading in file tetrad_bk_reduced.txt.
2025-11-05 17:12:59 INFO  edu.pitt.dbmi.causal.cmd.data.DataFiles:166 - Finished reading in file tetrad_bk_reduced.txt.
2025-11-05 17:13:33 INFO  org.reflections.Reflections:219 - Reflections took 50 ms to scan 1 urls, producing 17 keys and 408 values
2025-11-05 17:13:33 INFO  org.reflections.Reflections:219 - Reflections took 5 ms to scan 1 urls, producing 8 keys and 38 values
2025-11-05 17:13:33 INFO  org.reflections.Reflections:219 - Reflections took 4 ms to scan 1 urls, producing 7 keys and 37 values
2025-11-05 17:13:33 INFO  edu.pitt.dbmi.causal.cmd.data.DataValidations:166 - Start data validation on file tetrad_set_reduced_imputed.csv.
2025-11-05 17:13:33 INFO  edu.pitt.dbmi.causal.cmd.data.DataValidations:166 - End data validation on file tetrad_set_reduced_imputed.csv.
2025-11-05 17:13:33 INFO  edu.pitt.dbmi.causal.cmd.data.DataValidations:109 - There are 3534 cases and 50 variables.
2025-11-05 17:13:33 INFO  edu.pitt.dbmi.causal.cmd.data.DataFiles:166 - Start reading in file tetrad_set_reduced_imputed.csv.
2025-11-05 17:13:33 INFO  edu.pitt.dbmi.causal.cmd.data.DataFiles:166 - Finished reading in file tetrad_set_reduced_imputed.csv.
2025-11-05 17:13:33 INFO  edu.pitt.dbmi.causal.cmd.data.DataFiles:166 - File tetrad_set_reduced_imputed.csv contains 3534 cases, 50 variables.
2025-11-05 17:13:33 INFO  edu.pitt.dbmi.causal.cmd.data.DataFiles:166 - Start reading in file tetrad_bk_reduced.txt.
2025-11-05 17:13:33 INFO  edu.pitt.dbmi.causal.cmd.data.DataFiles:166 - Finished reading in file tetrad_bk_reduced.txt.
2025-11-05 17:15:10 INFO  org.reflections.Reflections:219 - Reflections took 47 ms to scan 1 urls, producing 17 keys and 408 values
2025-11-05 17:15:11 INFO  org.reflections.Reflections:219 - Reflections took 7 ms to scan 1 urls, producing 8 keys and 38 values
2025-11-05 17:15:11 INFO  org.reflections.Reflections:219 - Reflections took 6 ms to scan 1 urls, producing 7 keys and 37 values
2025-11-05 17:15:11 INFO  edu.pitt.dbmi.causal.cmd.data.DataValidations:166 - Start data validation on file tetrad_set_reduced_imputed.csv.
2025-11-05 17:15:11 INFO  edu.pitt.dbmi.causal.cmd.data.DataValidations:166 - End data validation on file tetrad_set_reduced_imputed.csv.
2025-11-05 17:15:11 INFO  edu.pitt.dbmi.causal.cmd.data.DataValidations:109 - There are 3534 cases and 50 variables.
2025-11-05 17:15:11 INFO  edu.pitt.dbmi.causal.cmd.data.DataFiles:166 - Start reading in file tetrad_set_reduced_imputed.csv.
2025-11-05 17:15:11 INFO  edu.pitt.dbmi.causal.cmd.data.DataFiles:166 - Finished reading in file tetrad_set_reduced_imputed.csv.
2025-11-05 17:15:11 INFO  edu.pitt.dbmi.causal.cmd.data.DataFiles:166 - File tetrad_set_reduced_imputed.csv contains 3534 cases, 50 variables.
2025-11-05 17:15:11 INFO  edu.pitt.dbmi.causal.cmd.data.DataFiles:166 - Start reading in file tetrad_bk_reduced.txt.
2025-11-05 17:15:11 INFO  edu.pitt.dbmi.causal.cmd.data.DataFiles:166 - Finished reading in file tetrad_bk_reduced.txt.
2025-11-05 17:18:40 INFO  org.reflections.Reflections:219 - Reflections took 48 ms to scan 1 urls, producing 17 keys and 408 values
2025-11-05 17:18:40 INFO  org.reflections.Reflections:219 - Reflections took 6 ms to scan 1 urls, producing 8 keys and 38 values
2025-11-05 17:18:40 INFO  org.reflections.Reflections:219 - Reflections took 4 ms to scan 1 urls, producing 7 keys and 37 values
2025-11-05 17:19:24 INFO  org.reflections.Reflections:219 - Reflections took 47 ms to scan 1 urls, producing 17 keys and 408 values
2025-11-05 17:19:24 INFO  org.reflections.Reflections:219 - Reflections took 5 ms to scan 1 urls, producing 8 keys and 38 values
2025-11-05 17:19:24 INFO  org.reflections.Reflections:219 - Reflections took 4 ms to scan 1 urls, producing 7 keys and 37 values
2025-11-05 17:19:24 INFO  edu.pitt.dbmi.causal.cmd.data.DataValidations:166 - Start data validation on file tetrad_set_reduced_imputed.csv.
2025-11-05 17:19:24 INFO  edu.pitt.dbmi.causal.cmd.data.DataValidations:166 - End data validation on file tetrad_set_reduced_imputed.csv.
2025-11-05 17:19:24 INFO  edu.pitt.dbmi.causal.cmd.data.DataValidations:109 - There are 3534 cases and 50 variables.
2025-11-05 17:19:24 INFO  edu.pitt.dbmi.causal.cmd.data.DataFiles:166 - Start reading in file tetrad_set_reduced_imputed.csv.
2025-11-05 17:19:24 INFO  edu.pitt.dbmi.causal.cmd.data.DataFiles:166 - Finished reading in file tetrad_set_reduced_imputed.csv.
2025-11-05 17:19:24 INFO  edu.pitt.dbmi.causal.cmd.data.DataFiles:166 - File tetrad_set_reduced_imputed.csv contains 3534 cases, 50 variables.
2025-11-05 17:19:24 INFO  edu.pitt.dbmi.causal.cmd.data.DataFiles:166 - Start reading in file tetrad_bk_reduced.txt.
2025-11-05 17:19:24 INFO  edu.pitt.dbmi.causal.cmd.data.DataFiles:166 - Finished reading in file tetrad_bk_reduced.txt.
2025-12-08 12:01:07 INFO  org.reflections.Reflections:219 - Reflections took 44 ms to scan 1 urls, producing 17 keys and 408 values
2025-12-08 12:01:07 INFO  org.reflections.Reflections:219 - Reflections took 7 ms to scan 1 urls, producing 8 keys and 38 values
2025-12-08 12:01:07 INFO  org.reflections.Reflections:219 - Reflections took 6 ms to scan 1 urls, producing 7 keys and 37 values
